TN:
SF:src/handlers/todos.js
FN:11,getTodos
FN:51,getTodo
FN:98,createTodoHandler
FN:127,updateTodoHandler
FN:192,deleteTodoHandler
FNF:5
FNH:5
FNDA:3,getTodos
FNDA:3,getTodo
FNDA:1,createTodoHandler
FNDA:2,updateTodoHandler
FNDA:3,deleteTodoHandler
DA:1,1
DA:2,1
DA:3,1
DA:4,1
DA:5,1
DA:6,1
DA:7,1
DA:8,1
DA:9,1
DA:10,1
DA:11,1
DA:12,3
DA:13,3
DA:14,3
DA:15,3
DA:16,3
DA:17,3
DA:18,0
DA:19,0
DA:20,3
DA:21,3
DA:22,2
DA:23,2
DA:24,2
DA:25,2
DA:26,2
DA:27,2
DA:28,2
DA:29,2
DA:30,2
DA:31,2
DA:32,2
DA:33,2
DA:34,3
DA:35,1
DA:36,1
DA:37,1
DA:38,1
DA:39,1
DA:40,1
DA:41,1
DA:42,1
DA:43,1
DA:44,1
DA:45,1
DA:46,3
DA:47,1
DA:48,1
DA:49,1
DA:50,1
DA:51,1
DA:52,3
DA:53,3
DA:54,3
DA:55,3
DA:56,3
DA:57,2
DA:58,3
DA:59,1
DA:60,1
DA:61,1
DA:62,1
DA:63,1
DA:64,1
DA:65,1
DA:66,1
DA:67,1
DA:68,1
DA:69,1
DA:70,1
DA:71,1
DA:72,1
DA:73,1
DA:74,1
DA:75,1
DA:76,1
DA:77,1
DA:78,1
DA:79,1
DA:80,1
DA:81,1
DA:82,1
DA:83,1
DA:84,1
DA:85,1
DA:86,1
DA:87,1
DA:88,1
DA:89,1
DA:90,1
DA:91,1
DA:92,1
DA:93,3
DA:94,1
DA:95,1
DA:96,1
DA:97,1
DA:98,1
DA:99,1
DA:100,1
DA:101,1
DA:102,1
DA:103,1
DA:104,1
DA:105,1
DA:106,1
DA:107,1
DA:108,1
DA:109,1
DA:110,1
DA:111,1
DA:112,1
DA:113,0
DA:114,0
DA:115,0
DA:116,0
DA:117,0
DA:118,0
DA:119,0
DA:120,0
DA:121,1
DA:122,1
DA:123,1
DA:124,1
DA:125,1
DA:126,1
DA:127,1
DA:128,2
DA:129,2
DA:130,2
DA:131,2
DA:132,2
DA:133,2
DA:134,2
DA:135,2
DA:136,2
DA:137,2
DA:138,1
DA:139,1
DA:140,1
DA:141,1
DA:142,1
DA:143,1
DA:144,1
DA:145,1
DA:146,1
DA:147,1
DA:148,1
DA:149,1
DA:150,1
DA:151,1
DA:152,1
DA:153,1
DA:154,1
DA:155,1
DA:156,1
DA:157,1
DA:158,1
DA:159,1
DA:160,1
DA:161,2
DA:162,0
DA:163,0
DA:164,0
DA:165,0
DA:166,0
DA:167,0
DA:168,0
DA:169,0
DA:170,0
DA:171,0
DA:172,0
DA:173,0
DA:174,0
DA:175,0
DA:176,0
DA:177,0
DA:178,0
DA:179,0
DA:180,0
DA:181,0
DA:182,0
DA:183,0
DA:184,0
DA:185,0
DA:186,2
DA:187,1
DA:188,1
DA:189,1
DA:190,1
DA:191,1
DA:192,1
DA:193,3
DA:194,3
DA:195,3
DA:196,3
DA:197,3
DA:198,2
DA:199,3
DA:200,1
DA:201,1
DA:202,1
DA:203,1
DA:204,1
DA:205,1
DA:206,1
DA:207,1
DA:208,1
DA:209,1
DA:210,1
DA:211,1
DA:212,1
DA:213,1
DA:214,1
DA:215,1
DA:216,1
DA:217,1
DA:218,1
DA:219,1
DA:220,1
DA:221,1
DA:222,1
DA:223,1
DA:224,1
DA:225,1
DA:226,1
DA:227,1
DA:228,1
DA:229,1
DA:230,1
DA:231,1
DA:232,1
DA:233,1
DA:234,3
LF:234
LH:200
BRDA:1,0,0,1
BRDA:11,1,0,3
BRDA:17,2,0,0
BRDA:22,3,0,2
BRDA:34,4,0,1
BRDA:51,5,0,3
BRDA:57,6,0,2
BRDA:58,7,0,1
BRDA:98,8,0,1
BRDA:99,9,0,1
BRDA:101,10,0,0
BRDA:112,11,0,0
BRDA:127,12,0,2
BRDA:128,13,0,2
BRDA:133,14,0,0
BRDA:137,15,0,1
BRDA:161,16,0,0
BRDA:192,17,0,3
BRDA:198,18,0,2
BRDA:199,19,0,1
BRF:20
BRH:15
end_of_record
TN:
SF:src/middleware/validation.js
FN:52,validate
FNF:1
FNH:1
FNDA:4,validate
DA:1,1
DA:2,1
DA:3,1
DA:4,1
DA:5,1
DA:6,1
DA:7,1
DA:8,1
DA:9,1
DA:10,1
DA:11,1
DA:12,1
DA:13,1
DA:14,1
DA:15,1
DA:16,1
DA:17,1
DA:18,1
DA:19,1
DA:20,1
DA:21,1
DA:22,1
DA:23,1
DA:24,1
DA:25,1
DA:26,1
DA:27,1
DA:28,1
DA:29,1
DA:30,1
DA:31,1
DA:32,1
DA:33,1
DA:34,1
DA:35,1
DA:36,1
DA:37,1
DA:38,1
DA:39,1
DA:40,1
DA:41,1
DA:42,1
DA:43,1
DA:44,1
DA:45,1
DA:46,1
DA:47,1
DA:48,1
DA:49,1
DA:50,1
DA:51,1
DA:52,1
DA:53,4
DA:54,15
DA:55,15
DA:56,15
DA:57,15
DA:58,15
DA:59,5
DA:60,15
DA:61,15
DA:62,15
DA:63,15
DA:64,15
DA:65,7
DA:66,8
DA:67,8
DA:68,7
DA:69,7
DA:70,7
DA:71,7
DA:72,7
DA:73,7
DA:74,7
DA:75,7
DA:76,7
DA:77,7
DA:78,7
DA:79,7
DA:80,7
DA:81,7
DA:82,8
DA:83,8
DA:84,15
DA:85,6
DA:86,6
DA:87,15
DA:88,2
DA:89,2
DA:90,8
DA:91,8
DA:92,15
DA:93,0
DA:94,0
DA:95,0
DA:96,0
DA:97,0
DA:98,0
DA:99,0
DA:100,0
DA:101,0
DA:102,0
DA:103,0
DA:104,4
DA:105,4
DA:106,1
DA:107,1
DA:108,1
DA:109,1
DA:110,1
DA:111,1
DA:112,1
DA:113,1
DA:114,1
DA:115,1
DA:116,1
DA:117,1
DA:118,1
DA:119,1
DA:120,1
LF:120
LH:109
BRDA:1,0,0,1
BRDA:52,1,0,4
BRDA:53,2,0,15
BRDA:57,3,0,10
BRDA:58,4,0,5
BRDA:59,5,0,4
BRDA:60,6,0,1
BRDA:64,7,0,7
BRDA:82,8,0,8
BRDA:84,9,0,6
BRDA:87,10,0,2
BRDA:90,11,0,8
BRDA:92,12,0,0
BRDA:65,13,0,8
BRF:14
BRH:13
end_of_record
TN:
SF:src/models/todo.js
FN:4,formatTodo
FN:16,getAllTodos
FN:37,getTodoById
FN:45,createTodo
FN:57,updateTodo
FN:89,deleteTodo
FNF:6
FNH:6
FNDA:16,formatTodo
FNDA:5,getAllTodos
FNDA:5,getTodoById
FNDA:3,createTodo
FNDA:5,updateTodo
FNDA:5,deleteTodo
DA:1,1
DA:2,1
DA:3,1
DA:4,16
DA:5,16
DA:6,13
DA:7,13
DA:8,13
DA:9,13
DA:10,13
DA:11,16
DA:12,1
DA:13,1
DA:14,1
DA:15,1
DA:16,1
DA:17,5
DA:18,5
DA:19,5
DA:20,5
DA:21,1
DA:22,1
DA:23,1
DA:24,5
DA:25,5
DA:26,5
DA:27,5
DA:28,5
DA:29,4
DA:30,4
DA:31,4
DA:32,5
DA:33,1
DA:34,1
DA:35,1
DA:36,1
DA:37,1
DA:38,5
DA:39,4
DA:40,5
DA:41,1
DA:42,1
DA:43,1
DA:44,1
DA:45,1
DA:46,3
DA:47,3
DA:48,3
DA:49,3
DA:50,3
DA:51,3
DA:52,3
DA:53,1
DA:54,1
DA:55,1
DA:56,1
DA:57,1
DA:58,5
DA:59,5
DA:60,5
DA:61,5
DA:62,5
DA:63,6
DA:64,6
DA:65,6
DA:66,6
DA:67,6
DA:68,6
DA:69,5
DA:70,5
DA:71,1
DA:72,1
DA:73,4
DA:74,4
DA:75,4
DA:76,4
DA:77,4
DA:78,4
DA:79,4
DA:80,4
DA:81,4
DA:82,4
DA:83,4
DA:84,5
DA:85,1
DA:86,1
DA:87,1
DA:88,1
DA:89,1
DA:90,5
DA:91,4
DA:92,5
LF:92
LH:92
BRDA:1,0,0,1
BRDA:4,1,0,16
BRDA:5,2,0,3
BRDA:6,3,0,13
BRDA:16,4,0,5
BRDA:20,5,0,1
BRDA:22,6,0,0
BRDA:29,7,0,4
BRDA:37,8,0,5
BRDA:39,9,0,4
BRDA:45,10,0,3
BRDA:57,11,0,5
BRDA:62,12,0,6
BRDA:66,13,0,2
BRDA:66,14,0,0
BRDA:66,15,0,4
BRDA:70,16,0,1
BRDA:73,17,0,4
BRDA:89,18,0,5
BRDA:91,19,0,4
BRF:20
BRH:18
end_of_record
TN:
SF:src/utils/errorResponse.js
FN:1,(empty-report)
FNF:1
FNH:0
FNDA:0,(empty-report)
DA:1,0
DA:2,0
DA:3,0
DA:4,0
DA:5,0
DA:6,0
DA:7,0
DA:8,0
DA:9,0
DA:10,0
DA:11,0
DA:12,0
DA:13,0
DA:14,0
DA:15,0
DA:16,0
DA:17,0
DA:18,0
LF:18
LH:0
BRDA:1,0,0,0
BRF:1
BRH:0
end_of_record
