TN:
SF:src/handlers/todos.js
FN:17,getTodos
FN:52,getTodo
FN:92,createTodoHandler
FN:114,updateTodoHandler
FN:167,deleteTodoHandler
FNF:5
FNH:5
FNDA:3,getTodos
FNDA:3,getTodo
FNDA:1,createTodoHandler
FNDA:2,updateTodoHandler
FNDA:3,deleteTodoHandler
DA:1,1
DA:2,1
DA:3,1
DA:4,1
DA:5,1
DA:6,1
DA:7,1
DA:8,1
DA:9,1
DA:10,1
DA:11,1
DA:12,1
DA:13,1
DA:14,1
DA:15,1
DA:16,1
DA:17,1
DA:18,3
DA:19,3
DA:20,3
DA:21,3
DA:22,3
DA:23,3
DA:24,0
DA:25,0
DA:26,3
DA:27,3
DA:28,2
DA:29,2
DA:30,2
DA:31,2
DA:32,2
DA:33,2
DA:34,2
DA:35,2
DA:36,2
DA:37,3
DA:38,1
DA:39,1
DA:40,1
DA:41,1
DA:42,1
DA:43,1
DA:44,1
DA:45,1
DA:46,1
DA:47,3
DA:48,1
DA:49,1
DA:50,1
DA:51,1
DA:52,1
DA:53,3
DA:54,3
DA:55,3
DA:56,3
DA:57,3
DA:58,2
DA:59,3
DA:60,1
DA:61,1
DA:62,1
DA:63,1
DA:64,1
DA:65,1
DA:66,1
DA:67,1
DA:68,1
DA:69,1
DA:70,1
DA:71,1
DA:72,1
DA:73,1
DA:74,1
DA:75,1
DA:76,1
DA:77,1
DA:78,1
DA:79,1
DA:80,1
DA:81,1
DA:82,1
DA:83,1
DA:84,1
DA:85,1
DA:86,3
DA:87,1
DA:88,1
DA:89,1
DA:90,1
DA:91,1
DA:92,1
DA:93,1
DA:94,1
DA:95,1
DA:96,0
DA:97,1
DA:98,1
DA:99,1
DA:100,1
DA:101,1
DA:102,1
DA:103,1
DA:104,0
DA:105,0
DA:106,0
DA:107,0
DA:108,0
DA:109,1
DA:110,1
DA:111,1
DA:112,1
DA:113,1
DA:114,1
DA:115,2
DA:116,2
DA:117,2
DA:118,2
DA:119,2
DA:120,0
DA:121,0
DA:122,0
DA:123,0
DA:124,0
DA:125,0
DA:126,0
DA:127,0
DA:128,0
DA:129,0
DA:130,0
DA:131,0
DA:132,0
DA:133,0
DA:134,0
DA:135,0
DA:136,0
DA:137,0
DA:138,0
DA:139,0
DA:140,0
DA:141,2
DA:142,2
DA:143,2
DA:144,2
DA:145,0
DA:146,0
DA:147,0
DA:148,0
DA:149,0
DA:150,0
DA:151,0
DA:152,0
DA:153,2
DA:154,2
DA:155,2
DA:156,2
DA:157,2
DA:158,2
DA:159,2
DA:160,2
DA:161,2
DA:162,2
DA:163,1
DA:164,1
DA:165,1
DA:166,1
DA:167,1
DA:168,3
DA:169,3
DA:170,3
DA:171,3
DA:172,3
DA:173,2
DA:174,3
DA:175,1
DA:176,1
DA:177,1
DA:178,1
DA:179,1
DA:180,1
DA:181,1
DA:182,1
DA:183,1
DA:184,1
DA:185,1
DA:186,1
DA:187,1
DA:188,1
DA:189,1
DA:190,1
DA:191,1
DA:192,1
DA:193,1
DA:194,1
DA:195,1
DA:196,1
DA:197,1
DA:198,1
DA:199,1
DA:200,1
DA:201,3
LF:201
LH:164
BRDA:1,0,0,1
BRDA:17,1,0,3
BRDA:23,2,0,0
BRDA:28,3,0,2
BRDA:37,4,0,1
BRDA:52,5,0,3
BRDA:58,6,0,2
BRDA:59,7,0,1
BRDA:92,8,0,1
BRDA:93,9,0,1
BRDA:95,10,0,0
BRDA:96,11,0,0
BRDA:103,12,0,0
BRDA:114,13,0,2
BRDA:119,14,0,0
BRDA:120,15,0,0
BRDA:144,16,0,0
BRDA:167,17,0,3
BRDA:173,18,0,2
BRDA:174,19,0,1
BRF:20
BRH:13
end_of_record
TN:
SF:src/middleware/validation.js
FN:50,validate
FNF:1
FNH:1
FNDA:4,validate
DA:1,1
DA:2,1
DA:3,1
DA:4,1
DA:5,1
DA:6,1
DA:7,1
DA:8,1
DA:9,1
DA:10,1
DA:11,1
DA:12,1
DA:13,1
DA:14,1
DA:15,1
DA:16,1
DA:17,1
DA:18,1
DA:19,1
DA:20,1
DA:21,1
DA:22,1
DA:23,1
DA:24,1
DA:25,1
DA:26,1
DA:27,1
DA:28,1
DA:29,1
DA:30,1
DA:31,1
DA:32,1
DA:33,1
DA:34,1
DA:35,1
DA:36,1
DA:37,1
DA:38,1
DA:39,1
DA:40,1
DA:41,1
DA:42,1
DA:43,1
DA:44,1
DA:45,1
DA:46,1
DA:47,1
DA:48,1
DA:49,1
DA:50,1
DA:51,4
DA:52,15
DA:53,15
DA:54,15
DA:55,15
DA:56,5
DA:57,15
DA:58,15
DA:59,15
DA:60,15
DA:61,15
DA:62,7
DA:63,8
DA:64,8
DA:65,7
DA:66,7
DA:67,7
DA:68,7
DA:69,7
DA:70,7
DA:71,7
DA:72,7
DA:73,7
DA:74,7
DA:75,7
DA:76,8
DA:77,8
DA:78,15
DA:79,6
DA:80,6
DA:81,15
DA:82,2
DA:83,2
DA:84,8
DA:85,8
DA:86,15
DA:87,0
DA:88,0
DA:89,0
DA:90,0
DA:91,0
DA:92,0
DA:93,0
DA:94,0
DA:95,4
DA:96,4
DA:97,1
DA:98,1
DA:99,1
DA:100,1
DA:101,1
DA:102,1
DA:103,1
DA:104,1
DA:105,1
DA:106,1
DA:107,1
DA:108,1
DA:109,1
DA:110,1
DA:111,1
LF:111
LH:103
BRDA:1,0,0,1
BRDA:50,1,0,4
BRDA:51,2,0,15
BRDA:54,3,0,10
BRDA:55,4,0,5
BRDA:56,5,0,4
BRDA:57,6,0,1
BRDA:61,7,0,7
BRDA:76,8,0,8
BRDA:78,9,0,6
BRDA:81,10,0,2
BRDA:84,11,0,8
BRDA:86,12,0,0
BRDA:62,13,0,8
BRF:14
BRH:13
end_of_record
TN:
SF:src/models/todo.js
FN:4,formatTodo
FN:16,getAllTodos
FN:34,getTodoById
FN:42,createTodo
FN:53,updateTodo
FN:82,deleteTodo
FNF:6
FNH:6
FNDA:15,formatTodo
FNDA:5,getAllTodos
FNDA:5,getTodoById
FNDA:3,createTodo
FNDA:5,updateTodo
FNDA:5,deleteTodo
DA:1,1
DA:2,1
DA:3,1
DA:4,15
DA:5,15
DA:6,13
DA:7,13
DA:8,13
DA:9,13
DA:10,13
DA:11,15
DA:12,1
DA:13,1
DA:14,1
DA:15,1
DA:16,1
DA:17,5
DA:18,5
DA:19,5
DA:20,5
DA:21,1
DA:22,1
DA:23,1
DA:24,5
DA:25,5
DA:26,4
DA:27,4
DA:28,4
DA:29,5
DA:30,1
DA:31,1
DA:32,1
DA:33,1
DA:34,1
DA:35,5
DA:36,4
DA:37,5
DA:38,1
DA:39,1
DA:40,1
DA:41,1
DA:42,1
DA:43,3
DA:44,3
DA:45,3
DA:46,3
DA:47,3
DA:48,3
DA:49,1
DA:50,1
DA:51,1
DA:52,1
DA:53,1
DA:54,5
DA:55,5
DA:56,5
DA:57,5
DA:58,5
DA:59,6
DA:60,6
DA:61,6
DA:62,6
DA:63,6
DA:64,6
DA:65,5
DA:66,5
DA:67,1
DA:68,1
DA:69,4
DA:70,4
DA:71,4
DA:72,4
DA:73,4
DA:74,4
DA:75,3
DA:76,3
DA:77,5
DA:78,1
DA:79,1
DA:80,1
DA:81,1
DA:82,1
DA:83,5
DA:84,4
DA:85,5
LF:85
LH:85
BRDA:1,0,0,1
BRDA:4,1,0,15
BRDA:5,2,0,2
BRDA:6,3,0,13
BRDA:16,4,0,5
BRDA:20,5,0,1
BRDA:22,6,0,0
BRDA:26,7,0,4
BRDA:34,8,0,5
BRDA:36,9,0,4
BRDA:42,10,0,3
BRDA:53,11,0,5
BRDA:58,12,0,6
BRDA:62,13,0,2
BRDA:62,14,0,0
BRDA:62,15,0,4
BRDA:66,16,0,1
BRDA:69,17,0,4
BRDA:75,18,0,3
BRDA:82,19,0,5
BRDA:84,20,0,4
BRF:21
BRH:19
end_of_record
